2025-05-12 03:36:41,489 - INFO - Inicio del proceso para obtener películas más populares
2025-05-12 03:36:41,498 - ERROR - Error al obtener películas populares: Execution failed on sql '
        SELECT m.title, COUNT(r.movie_id) AS num_ratings
        FROM movies m
        JOIN ratings r ON m.movie_id = r.movie_id
        GROUP BY m.title
        ORDER BY num_ratings DESC
        LIMIT 10;
        ': no such column: m.title
2025-05-12 03:37:20,790 - INFO - Inicio del proceso para obtener películas más populares
2025-05-12 03:37:21,131 - INFO - Se recuperaron 10 películas populares exitosamente
2025-05-12 03:37:21,145 - INFO - Películas populares guardadas en CSV: /content/drive/MyDrive/marketing/Marketing/salidas/recomendaciones/peliculas_mas_populares.csv
2025-05-12 03:37:21,752 - INFO - Películas populares guardadas en Excel: /content/drive/MyDrive/marketing/Marketing/salidas/recomendaciones/peliculas_mas_populares.xlsx
2025-05-12 22:36:56,689 - INFO - Inicio del proceso para obtener películas más populares
2025-05-12 22:36:58,022 - INFO - Se recuperaron 10 películas populares exitosamente
2025-05-12 22:36:58,256 - INFO - Películas populares guardadas en CSV: /content/drive/MyDrive/marketing/Marketing/salidas/recomendaciones/peliculas_mas_populares.csv
2025-05-12 22:36:58,951 - INFO - Películas populares guardadas en Excel: /content/drive/MyDrive/marketing/Marketing/salidas/recomendaciones/peliculas_mas_populares.xlsx
2025-05-12 22:49:03,850 - INFO - Inicio del proceso para obtener películas más populares por día 2
2025-05-12 22:49:03,854 - INFO - Obteniendo películas populares por día 2
2025-05-12 22:49:03,973 - INFO - Se recuperaron 10 películas populares por día 2 exitosamente
2025-05-12 22:49:03,982 - INFO - Películas populares guardadas en CSV: /content/drive/MyDrive/marketing/Marketing/salidas/recomendaciones/peliculas_mas_populares.csv
2025-05-12 22:49:04,005 - INFO - Películas populares guardadas en Excel: /content/drive/MyDrive/marketing/Marketing/salidas/recomendaciones/peliculas_mas_populares.xlsx
